Error: Class 'Sphp\MVC\FileLinkGenerator' not found in /home/int49765/public_html/_srcs/templates/docList.php:12
Stack trace:
#0 /home/int49765/public_html/sphp/php/Sphp/Stdlib/Filesystem.php(85): include()
#1 /home/int49765/public_html/sphp/php/Sphp/Html/ContentParsingTrait.php(73): Sphp\Stdlib\Filesystem::executePhpToString(Array)
#2 /home/int49765/public_html/_srcs/templates/loaders.php(77): Sphp\Html\AbstractContainerTag->appendMdFile(Array)
#3 [internal function]: Sphp\MVC\{closure}('/dokumentit/')
#4 /home/int49765/public_html/sphp/php/Sphp/MVC/Router.php(166): call_user_func_array(Object(Closure), Array)
#5 /home/int49765/public_html/index.php(61): Sphp\MVC\Router->execute()
#6 {main}Error: Class 'Sphp\MVC\FileLinkGenerator' not found in /home/int49765/public_html/_srcs/templates/docList.php:12
Stack trace:
#0 /home/int49765/public_html/sphp/php/Sphp/Stdlib/Filesystem.php(85): include()
#1 /home/int49765/public_html/sphp/php/Sphp/Html/ContentParsingTrait.php(73): Sphp\Stdlib\Filesystem::executePhpToString(Array)
#2 /home/int49765/public_html/_srcs/templates/loaders.php(77): Sphp\Html\AbstractContainerTag->appendMdFile(Array)
#3 [internal function]: Sphp\MVC\{closure}('/dokumentit/')
#4 /home/int49765/public_html/sphp/php/Sphp/MVC/Router.php(166): call_user_func_array(Object(Closure), Array)
#5 /home/int49765/public_html/index.php(61): Sphp\MVC\Router->execute()
#6 {main}Error: Class 'Sphp\MVC\FileLinkGenerator' not found in /home/int49765/public_html/_srcs/templates/docList.php:12
Stack trace:
#0 /home/int49765/public_html/sphp/php/Sphp/Stdlib/Filesystem.php(85): include()
#1 /home/int49765/public_html/sphp/php/Sphp/Html/ContentParsingTrait.php(73): Sphp\Stdlib\Filesystem::executePhpToString(Array)
#2 /home/int49765/public_html/_srcs/templates/loaders.php(77): Sphp\Html\AbstractContainerTag->appendMdFile(Array)
#3 [internal function]: Sphp\MVC\{closure}('/dokumentit/')
#4 /home/int49765/public_html/sphp/php/Sphp/MVC/Router.php(166): call_user_func_array(Object(Closure), Array)
#5 /home/int49765/public_html/index.php(61): Sphp\MVC\Router->execute()
#6 {main}Error: Class 'Sphp\MVC\FileLinkGenerator' not found in /home/int49765/public_html/_srcs/templates/docList.php:12
Stack trace:
#0 /home/int49765/public_html/sphp/php/Sphp/Stdlib/Filesystem.php(85): include()
#1 /home/int49765/public_html/sphp/php/Sphp/Html/ContentParsingTrait.php(73): Sphp\Stdlib\Filesystem::executePhpToString(Array)
#2 /home/int49765/public_html/_srcs/templates/loaders.php(77): Sphp\Html\AbstractContainerTag->appendMdFile(Array)
#3 [internal function]: Sphp\MVC\{closure}('/dokumentit/')
#4 /home/int49765/public_html/sphp/php/Sphp/MVC/Router.php(166): call_user_func_array(Object(Closure), Array)
#5 /home/int49765/public_html/index.php(61): Sphp\MVC\Router->execute()
#6 {main}Error: Class 'Sphp\MVC\FileLinkGenerator' not found in /home/int49765/public_html/_srcs/templates/docList.php:12
Stack trace:
#0 /home/int49765/public_html/sphp/php/Sphp/Stdlib/Filesystem.php(85): include()
#1 /home/int49765/public_html/sphp/php/Sphp/Html/ContentParsingTrait.php(73): Sphp\Stdlib\Filesystem::executePhpToString(Array)
#2 /home/int49765/public_html/_srcs/templates/loaders.php(77): Sphp\Html\AbstractContainerTag->appendMdFile(Array)
#3 [internal function]: Sphp\MVC\{closure}('/dokumentit/')
#4 /home/int49765/public_html/sphp/php/Sphp/MVC/Router.php(166): call_user_func_array(Object(Closure), Array)
#5 /home/int49765/public_html/index.php(61): Sphp\MVC\Router->execute()
#6 {main}Error: Class 'Sphp\MVC\FileLinkGenerator' not found in /home/int49765/public_html/_srcs/templates/docList.php:12
Stack trace:
#0 /home/int49765/public_html/sphp/php/Sphp/Stdlib/Filesystem.php(85): include()
#1 /home/int49765/public_html/sphp/php/Sphp/Html/ContentParsingTrait.php(73): Sphp\Stdlib\Filesystem::executePhpToString(Array)
#2 /home/int49765/public_html/_srcs/templates/loaders.php(77): Sphp\Html\AbstractContainerTag->appendMdFile(Array)
#3 [internal function]: Sphp\MVC\{closure}('/dokumentit/')
#4 /home/int49765/public_html/sphp/php/Sphp/MVC/Router.php(166): call_user_func_array(Object(Closure), Array)
#5 /home/int49765/public_html/index.php(61): Sphp\MVC\Router->execute()
#6 {main}Error: Class 'Sphp\MVC\FileLinkGenerator' not found in /home/int49765/public_html/_srcs/templates/docList.php:12
Stack trace:
#0 /home/int49765/public_html/sphp/php/Sphp/Stdlib/Filesystem.php(85): include()
#1 /home/int49765/public_html/sphp/php/Sphp/Html/ContentParsingTrait.php(73): Sphp\Stdlib\Filesystem::executePhpToString(Array)
#2 /home/int49765/public_html/_srcs/templates/loaders.php(77): Sphp\Html\AbstractContainerTag->appendMdFile(Array)
#3 [internal function]: Sphp\MVC\{closure}('/dokumentit/')
#4 /home/int49765/public_html/sphp/php/Sphp/MVC/Router.php(166): call_user_func_array(Object(Closure), Array)
#5 /home/int49765/public_html/index.php(61): Sphp\MVC\Router->execute()
#6 {main}Error: Class 'Sphp\MVC\FileLinkGenerator' not found in /home/int49765/public_html/_srcs/templates/docList.php:12
Stack trace:
#0 /home/int49765/public_html/sphp/php/Sphp/Stdlib/Filesystem.php(85): include()
#1 /home/int49765/public_html/sphp/php/Sphp/Html/ContentParsingTrait.php(73): Sphp\Stdlib\Filesystem::executePhpToString(Array)
#2 /home/int49765/public_html/_srcs/templates/loaders.php(77): Sphp\Html\AbstractContainerTag->appendMdFile(Array)
#3 [internal function]: Sphp\MVC\{closure}('/dokumentit/')
#4 /home/int49765/public_html/sphp/php/Sphp/MVC/Router.php(166): call_user_func_array(Object(Closure), Array)
#5 /home/int49765/public_html/index.php(61): Sphp\MVC\Router->execute()
#6 {main}Error: Class 'Sphp\MVC\FileLinkGenerator' not found in /home/int49765/public_html/_srcs/templates/docList.php:12
Stack trace:
#0 /home/int49765/public_html/sphp/php/Sphp/Stdlib/Filesystem.php(85): include()
#1 /home/int49765/public_html/sphp/php/Sphp/Html/ContentParsingTrait.php(73): Sphp\Stdlib\Filesystem::executePhpToString(Array)
#2 /home/int49765/public_html/_srcs/templates/loaders.php(77): Sphp\Html\AbstractContainerTag->appendMdFile(Array)
#3 [internal function]: Sphp\MVC\{closure}('/dokumentit/')
#4 /home/int49765/public_html/sphp/php/Sphp/MVC/Router.php(166): call_user_func_array(Object(Closure), Array)
#5 /home/int49765/public_html/index.php(61): Sphp\MVC\Router->execute()
#6 {main}Error: Class 'Sphp\MVC\FileLinkGenerator' not found in /home/int49765/public_html/_srcs/templates/docList.php:12
Stack trace:
#0 /home/int49765/public_html/sphp/php/Sphp/Stdlib/Filesystem.php(85): include()
#1 /home/int49765/public_html/sphp/php/Sphp/Html/ContentParsingTrait.php(73): Sphp\Stdlib\Filesystem::executePhpToString(Array)
#2 /home/int49765/public_html/_srcs/templates/loaders.php(77): Sphp\Html\AbstractContainerTag->appendMdFile(Array)
#3 [internal function]: Sphp\MVC\{closure}('/dokumentit/')
#4 /home/int49765/public_html/sphp/php/Sphp/MVC/Router.php(166): call_user_func_array(Object(Closure), Array)
#5 /home/int49765/public_html/index.php(61): Sphp\MVC\Router->execute()
#6 {main}Error: Class 'Sphp\Html\Foundation\Sites\Adapters\Equalizer' not found in /home/int49765/public_html/_srcs/templates/clubBoard.php:11
Stack trace:
#0 /home/int49765/public_html/sphp/php/Sphp/Stdlib/Filesystem.php(85): include()
#1 /home/int49765/public_html/sphp/php/Sphp/Html/ContentParsingTrait.php(73): Sphp\Stdlib\Filesystem::executePhpToString(Array)
#2 /home/int49765/public_html/_srcs/templates/loaders.php(87): Sphp\Html\AbstractContainerTag->appendMdFile(Array)
#3 [internal function]: Sphp\MVC\{closure}('/hallitus/')
#4 /home/int49765/public_html/sphp/php/Sphp/MVC/Router.php(166): call_user_func_array(Object(Closure), Array)
#5 /home/int49765/public_html/index.php(61): Sphp\MVC\Router->execute()
#6 {main}Error: Class 'Sphp\Html\Foundation\Sites\Adapters\Equalizer' not found in /home/int49765/public_html/_srcs/templates/clubBoard.php:11
Stack trace:
#0 /home/int49765/public_html/sphp/php/Sphp/Stdlib/Filesystem.php(85): include()
#1 /home/int49765/public_html/sphp/php/Sphp/Html/ContentParsingTrait.php(73): Sphp\Stdlib\Filesystem::executePhpToString(Array)
#2 /home/int49765/public_html/_srcs/templates/loaders.php(87): Sphp\Html\AbstractContainerTag->appendMdFile(Array)
#3 [internal function]: Sphp\MVC\{closure}('/hallitus/')
#4 /home/int49765/public_html/sphp/php/Sphp/MVC/Router.php(166): call_user_func_array(Object(Closure), Array)
#5 /home/int49765/public_html/index.php(61): Sphp\MVC\Router->execute()
#6 {main}Error: Class 'Sphp\Html\Foundation\Sites\Adapters\Equalizer' not found in /home/int49765/public_html/_srcs/templates/clubBoard.php:11
Stack trace:
#0 /home/int49765/public_html/sphp/php/Sphp/Stdlib/Filesystem.php(85): include()
#1 /home/int49765/public_html/sphp/php/Sphp/Html/ContentParsingTrait.php(73): Sphp\Stdlib\Filesystem::executePhpToString(Array)
#2 /home/int49765/public_html/_srcs/templates/loaders.php(87): Sphp\Html\AbstractContainerTag->appendMdFile(Array)
#3 [internal function]: Sphp\MVC\{closure}('/hallitus/')
#4 /home/int49765/public_html/sphp/php/Sphp/MVC/Router.php(166): call_user_func_array(Object(Closure), Array)
#5 /home/int49765/public_html/index.php(61): Sphp\MVC\Router->execute()
#6 {main}Error: Class 'Sphp\Html\Foundation\Sites\Adapters\Equalizer' not found in /home/int49765/public_html/_srcs/templates/clubBoard.php:11
Stack trace:
#0 /home/int49765/public_html/sphp/php/Sphp/Stdlib/Filesystem.php(85): include()
#1 /home/int49765/public_html/sphp/php/Sphp/Html/ContentParsingTrait.php(73): Sphp\Stdlib\Filesystem::executePhpToString(Array)
#2 /home/int49765/public_html/_srcs/templates/loaders.php(87): Sphp\Html\AbstractContainerTag->appendMdFile(Array)
#3 [internal function]: Sphp\MVC\{closure}('/hallitus/')
#4 /home/int49765/public_html/sphp/php/Sphp/MVC/Router.php(166): call_user_func_array(Object(Closure), Array)
#5 /home/int49765/public_html/index.php(61): Sphp\MVC\Router->execute()
#6 {main}Error: Class 'Sphp\Html\Foundation\Sites\Adapters\Equalizer' not found in /home/int49765/public_html/_srcs/templates/clubBoard.php:11
Stack trace:
#0 /home/int49765/public_html/sphp/php/Sphp/Stdlib/Filesystem.php(85): include()
#1 /home/int49765/public_html/sphp/php/Sphp/Html/ContentParsingTrait.php(73): Sphp\Stdlib\Filesystem::executePhpToString(Array)
#2 /home/int49765/public_html/_srcs/templates/loaders.php(87): Sphp\Html\AbstractContainerTag->appendMdFile(Array)
#3 [internal function]: Sphp\MVC\{closure}('/hallitus/')
#4 /home/int49765/public_html/sphp/php/Sphp/MVC/Router.php(166): call_user_func_array(Object(Closure), Array)
#5 /home/int49765/public_html/index.php(61): Sphp\MVC\Router->execute()
#6 {main}Error: Class 'Sphp\Html\Foundation\Sites\Adapters\Equalizer' not found in /home/int49765/public_html/_srcs/templates/clubBoard.php:11
Stack trace:
#0 /home/int49765/public_html/sphp/php/Sphp/Stdlib/Filesystem.php(85): include()
#1 /home/int49765/public_html/sphp/php/Sphp/Html/ContentParsingTrait.php(73): Sphp\Stdlib\Filesystem::executePhpToString(Array)
#2 /home/int49765/public_html/_srcs/templates/loaders.php(87): Sphp\Html\AbstractContainerTag->appendMdFile(Array)
#3 [internal function]: Sphp\MVC\{closure}('/hallitus/')
#4 /home/int49765/public_html/sphp/php/Sphp/MVC/Router.php(166): call_user_func_array(Object(Closure), Array)
#5 /home/int49765/public_html/index.php(61): Sphp\MVC\Router->execute()
#6 {main}Error: Class 'Sphp\Html\Foundation\Sites\Adapters\Equalizer' not found in /home/int49765/public_html/_srcs/templates/clubBoard.php:11
Stack trace:
#0 /home/int49765/public_html/sphp/php/Sphp/Stdlib/Filesystem.php(85): include()
#1 /home/int49765/public_html/sphp/php/Sphp/Html/ContentParsingTrait.php(73): Sphp\Stdlib\Filesystem::executePhpToString(Array)
#2 /home/int49765/public_html/_srcs/templates/loaders.php(87): Sphp\Html\AbstractContainerTag->appendMdFile(Array)
#3 [internal function]: Sphp\MVC\{closure}('/hallitus/')
#4 /home/int49765/public_html/sphp/php/Sphp/MVC/Router.php(166): call_user_func_array(Object(Closure), Array)
#5 /home/int49765/public_html/index.php(61): Sphp\MVC\Router->execute()
#6 {main}Error: Class 'Sphp\Html\Foundation\Sites\Adapters\Equalizer' not found in /home/int49765/public_html/_srcs/templates/clubBoard.php:11
Stack trace:
#0 /home/int49765/public_html/sphp/php/Sphp/Stdlib/Filesystem.php(85): include()
#1 /home/int49765/public_html/sphp/php/Sphp/Html/ContentParsingTrait.php(73): Sphp\Stdlib\Filesystem::executePhpToString(Array)
#2 /home/int49765/public_html/_srcs/templates/loaders.php(87): Sphp\Html\AbstractContainerTag->appendMdFile(Array)
#3 [internal function]: Sphp\MVC\{closure}('/hallitus/')
#4 /home/int49765/public_html/sphp/php/Sphp/MVC/Router.php(166): call_user_func_array(Object(Closure), Array)
#5 /home/int49765/public_html/index.php(61): Sphp\MVC\Router->execute()
#6 {main}Error: Class 'Sphp\Html\Foundation\Sites\Adapters\Equalizer' not found in /home/int49765/public_html/_srcs/templates/clubBoard.php:11
Stack trace:
#0 /home/int49765/public_html/sphp/php/Sphp/Stdlib/Filesystem.php(85): include()
#1 /home/int49765/public_html/sphp/php/Sphp/Html/ContentParsingTrait.php(73): Sphp\Stdlib\Filesystem::executePhpToString(Array)
#2 /home/int49765/public_html/_srcs/templates/loaders.php(87): Sphp\Html\AbstractContainerTag->appendMdFile(Array)
#3 [internal function]: Sphp\MVC\{closure}('/hallitus/')
#4 /home/int49765/public_html/sphp/php/Sphp/MVC/Router.php(166): call_user_func_array(Object(Closure), Array)
#5 /home/int49765/public_html/index.php(61): Sphp\MVC\Router->execute()
#6 {main}Zend\Di\Exception\ClassNotFoundException: Class Sphp\MVC\FileParser could not be located in provided definitions. in /home/int49765/public_html/vendor/zendframework/zend-di/src/Di.php:305
Stack trace:
#0 /home/int49765/public_html/vendor/zendframework/zend-di/src/Di.php(268): Zend\Di\Di->newInstance('Sphp\\MVC\\FilePa...', Array, true)
#1 /home/int49765/public_html/_srcs/di.php(7): Zend\Di\Di->get('Sphp\\MVC\\FilePa...')
#2 /home/int49765/public_html/testi.php(8): include('/home/int49765/...')
#3 {main}Zend\Di\Exception\ClassNotFoundException: Class Sphp\MVC\FileParser could not be located in provided definitions. in /home/int49765/public_html/vendor/zendframework/zend-di/src/Di.php:305
Stack trace:
#0 /home/int49765/public_html/vendor/zendframework/zend-di/src/Di.php(268): Zend\Di\Di->newInstance('Sphp\\MVC\\FilePa...', Array, true)
#1 /home/int49765/public_html/_srcs/di.php(7): Zend\Di\Di->get('Sphp\\MVC\\FilePa...')
#2 /home/int49765/public_html/testi.php(10): include('/home/int49765/...')
#3 {main}Zend\Di\Exception\ClassNotFoundException: Class Sphp\MVC\FileParser could not be located in provided definitions. in /home/int49765/public_html/vendor/zendframework/zend-di/src/Di.php:305
Stack trace:
#0 /home/int49765/public_html/vendor/zendframework/zend-di/src/Di.php(268): Zend\Di\Di->newInstance('Sphp\\MVC\\FilePa...', Array, true)
#1 /home/int49765/public_html/_srcs/di.php(7): Zend\Di\Di->get('Sphp\\MVC\\FilePa...')
#2 /home/int49765/public_html/testi.php(11): include('/home/int49765/...')
#3 {main}Zend\Di\Exception\ClassNotFoundException: Class Sphp\MVC\FileParser could not be located in provided definitions. in /home/int49765/public_html/vendor/zendframework/zend-di/src/Di.php:305
Stack trace:
#0 /home/int49765/public_html/vendor/zendframework/zend-di/src/Di.php(268): Zend\Di\Di->newInstance('Sphp\\MVC\\FilePa...', Array, true)
#1 /home/int49765/public_html/_srcs/di.php(7): Zend\Di\Di->get('Sphp\\MVC\\FilePa...')
#2 /home/int49765/public_html/testi.php(11): include('/home/int49765/...')
#3 {main}Error: Class 'Config' not found in /home/int49765/public_html/sivut/testi.php:6
Stack trace:
#0 /home/int49765/public_html/sphp/php/Sphp/Stdlib/Filesystem.php(85): include()
#1 /home/int49765/public_html/sphp/php/Sphp/Html/ContentParsingTrait.php(73): Sphp\Stdlib\Filesystem::executePhpToString('sivut/testi.php')
#2 /home/int49765/public_html/_srcs/templates/loaders.php(21): Sphp\Html\AbstractContainerTag->appendMdFile('sivut/testi.php')
#3 [internal function]: Sphp\MVC\{closure}('/testi/', 'testi')
#4 /home/int49765/public_html/sphp/php/Sphp/MVC/Router.php(166): call_user_func_array(Object(Closure), Array)
#5 /home/int49765/public_html/index.php(61): Sphp\MVC\Router->execute()
#6 {main}Error: Class 'Sphp\Config\Sphp\Config\Config' not found in /home/int49765/public_html/_srcs/settings.php:30
Stack trace:
#0 /home/int49765/public_html/index.php(2): require_once()
#1 {main}Error: Class 'Sphp\Config\Sphp\Config\Config' not found in /home/int49765/public_html/_srcs/settings.php:30
Stack trace:
#0 /home/int49765/public_html/index.php(2): require_once()
#1 {main}Sphp\Exceptions\RuntimeException: The path 'purjehduskilpailut/2017/virutholm.csv' is not a file in /home/int49765/public_html/sphp/php/Sphp/Stdlib/CsvFile.php:75
Stack trace:
#0 /home/int49765/public_html/_srcs/templates/tools.php(7): Sphp\Stdlib\CsvFile->__construct('purjehduskilpai...')
#1 /home/int49765/public_html/sivut/kilpailut/purjehdus/2017.php(11): Sphp\Stdlib\Filesystem::{closure}('purjehduskilpai...')
#2 /home/int49765/public_html/sphp/php/Sphp/Stdlib/Filesystem.php(85): include('/home/int49765/...')
#3 /home/int49765/public_html/sphp/php/Sphp/Html/ContentParsingTrait.php(73): Sphp\Stdlib\Filesystem::executePhpToString(Array)
#4 /home/int49765/public_html/_srcs/templates/loaders.php(57): Sphp\Html\AbstractContainerTag->appendMdFile(Array)
#5 [internal function]: Sphp\MVC\{closure}('sivut/kilpailut...', '2017.html')
#6 /home/int49765/public_html/sphp/php/Sphp/MVC/Router.php(166): call_user_func_array(Object(Closure), Array)
#7 /home/int49765/public_html/index.php(61): Sphp\MVC\Router->execute()
#8 {main}

Next Sphp\Exceptions\RuntimeException: PHP parsing failed for Sphp\Exceptions\RuntimeException: The path 'purjehduskilpailut/2017/virutholm.csv' is not a file in /home/int49765/public_html/sphp/php/Sphp/Stdlib/CsvFile.php:75
Stack trace:
#0 /home/int49765/public_html/_srcs/templates/tools.php(7): Sphp\Stdlib\CsvFile->__construct('purjehduskilpai...')
#1 /home/int49765/public_html/sivut/kilpailut/purjehdus/2017.php(11): Sphp\Stdlib\Filesystem::{closure}('purjehduskilpai...')
#2 /home/int49765/public_html/sphp/php/Sphp/Stdlib/Filesystem.php(85): include('/home/int49765/...')
#3 /home/int49765/public_html/sphp/php/Sphp/Html/ContentParsingTrait.php(73): Sphp\Stdlib\Filesystem::executePhpToString(Array)
#4 /home/int49765/public_html/_srcs/templates/loaders.php(57): Sphp\Html\AbstractContainerTag->appendMdFile(Array)
#5 [internal function]: Sphp\MVC\{closure}('sivut/kilpailut...', '2017.html')
#6 /home/int49765/public_html/sphp/php/Sphp/MVC/Router.php(166): call_user_func_array(Object(Closure), Array)
#7 /home/int49765/public_html/index.php(61): Sphp\MVC\Router->execute()
#8 {main} in /home/int49765/public_html/sphp/php/Sphp/Stdlib/Filesystem.php:89
Stack trace:
#0 /home/int49765/public_html/sphp/php/Sphp/Html/ContentParsingTrait.php(73): Sphp\Stdlib\Filesystem::executePhpToString(Array)
#1 /home/int49765/public_html/_srcs/templates/loaders.php(57): Sphp\Html\AbstractContainerTag->appendMdFile(Array)
#2 [internal function]: Sphp\MVC\{closure}('sivut/kilpailut...', '2017.html')
#3 /home/int49765/public_html/sphp/php/Sphp/MVC/Router.php(166): call_user_func_array(Object(Closure), Array)
#4 /home/int49765/public_html/index.php(61): Sphp\MVC\Router->execute()
#5 {main}Sphp\Exceptions\RuntimeException: The path 'purjehduskilpailut/2017/virutholm.csv' is not a file in /home/int49765/public_html/sphp/php/Sphp/Stdlib/CsvFile.php:75
Stack trace:
#0 /home/int49765/public_html/_srcs/templates/tools.php(7): Sphp\Stdlib\CsvFile->__construct('purjehduskilpai...')
#1 /home/int49765/public_html/sivut/kilpailut/purjehdus/2017.php(11): Sphp\Stdlib\Filesystem::{closure}('purjehduskilpai...')
#2 /home/int49765/public_html/sphp/php/Sphp/Stdlib/Filesystem.php(85): include('/home/int49765/...')
#3 /home/int49765/public_html/sphp/php/Sphp/Html/ContentParsingTrait.php(73): Sphp\Stdlib\Filesystem::executePhpToString(Array)
#4 /home/int49765/public_html/_srcs/templates/loaders.php(57): Sphp\Html\AbstractContainerTag->appendMdFile(Array)
#5 [internal function]: Sphp\MVC\{closure}('sivut/kilpailut...', '2017.html')
#6 /home/int49765/public_html/sphp/php/Sphp/MVC/Router.php(166): call_user_func_array(Object(Closure), Array)
#7 /home/int49765/public_html/index.php(61): Sphp\MVC\Router->execute()
#8 {main}

Next Sphp\Exceptions\RuntimeException: PHP parsing failed for Sphp\Exceptions\RuntimeException: The path 'purjehduskilpailut/2017/virutholm.csv' is not a file in /home/int49765/public_html/sphp/php/Sphp/Stdlib/CsvFile.php:75
Stack trace:
#0 /home/int49765/public_html/_srcs/templates/tools.php(7): Sphp\Stdlib\CsvFile->__construct('purjehduskilpai...')
#1 /home/int49765/public_html/sivut/kilpailut/purjehdus/2017.php(11): Sphp\Stdlib\Filesystem::{closure}('purjehduskilpai...')
#2 /home/int49765/public_html/sphp/php/Sphp/Stdlib/Filesystem.php(85): include('/home/int49765/...')
#3 /home/int49765/public_html/sphp/php/Sphp/Html/ContentParsingTrait.php(73): Sphp\Stdlib\Filesystem::executePhpToString(Array)
#4 /home/int49765/public_html/_srcs/templates/loaders.php(57): Sphp\Html\AbstractContainerTag->appendMdFile(Array)
#5 [internal function]: Sphp\MVC\{closure}('sivut/kilpailut...', '2017.html')
#6 /home/int49765/public_html/sphp/php/Sphp/MVC/Router.php(166): call_user_func_array(Object(Closure), Array)
#7 /home/int49765/public_html/index.php(61): Sphp\MVC\Router->execute()
#8 {main} in /home/int49765/public_html/sphp/php/Sphp/Stdlib/Filesystem.php:89
Stack trace:
#0 /home/int49765/public_html/sphp/php/Sphp/Html/ContentParsingTrait.php(73): Sphp\Stdlib\Filesystem::executePhpToString(Array)
#1 /home/int49765/public_html/_srcs/templates/loaders.php(57): Sphp\Html\AbstractContainerTag->appendMdFile(Array)
#2 [internal function]: Sphp\MVC\{closure}('sivut/kilpailut...', '2017.html')
#3 /home/int49765/public_html/sphp/php/Sphp/MVC/Router.php(166): call_user_func_array(Object(Closure), Array)
#4 /home/int49765/public_html/index.php(61): Sphp\MVC\Router->execute()
#5 {main}Sphp\Exceptions\RuntimeException: The path 'purjehduskilpailut/2017/virutholm.csv' is not a file in /home/int49765/public_html/sphp/php/Sphp/Stdlib/CsvFile.php:75
Stack trace:
#0 /home/int49765/public_html/_srcs/templates/tools.php(7): Sphp\Stdlib\CsvFile->__construct('purjehduskilpai...')
#1 /home/int49765/public_html/sivut/kilpailut/purjehdus/2017.php(11): Sphp\Stdlib\Filesystem::{closure}('purjehduskilpai...')
#2 /home/int49765/public_html/sphp/php/Sphp/Stdlib/Filesystem.php(85): include('/home/int49765/...')
#3 /home/int49765/public_html/sphp/php/Sphp/Html/ContentParsingTrait.php(73): Sphp\Stdlib\Filesystem::executePhpToString(Array)
#4 /home/int49765/public_html/_srcs/templates/loaders.php(57): Sphp\Html\AbstractContainerTag->appendMdFile(Array)
#5 [internal function]: Sphp\MVC\{closure}('sivut/kilpailut...', '2017.html')
#6 /home/int49765/public_html/sphp/php/Sphp/MVC/Router.php(166): call_user_func_array(Object(Closure), Array)
#7 /home/int49765/public_html/index.php(61): Sphp\MVC\Router->execute()
#8 {main}

Next Sphp\Exceptions\RuntimeException: PHP parsing failed for Sphp\Exceptions\RuntimeException: The path 'purjehduskilpailut/2017/virutholm.csv' is not a file in /home/int49765/public_html/sphp/php/Sphp/Stdlib/CsvFile.php:75
Stack trace:
#0 /home/int49765/public_html/_srcs/templates/tools.php(7): Sphp\Stdlib\CsvFile->__construct('purjehduskilpai...')
#1 /home/int49765/public_html/sivut/kilpailut/purjehdus/2017.php(11): Sphp\Stdlib\Filesystem::{closure}('purjehduskilpai...')
#2 /home/int49765/public_html/sphp/php/Sphp/Stdlib/Filesystem.php(85): include('/home/int49765/...')
#3 /home/int49765/public_html/sphp/php/Sphp/Html/ContentParsingTrait.php(73): Sphp\Stdlib\Filesystem::executePhpToString(Array)
#4 /home/int49765/public_html/_srcs/templates/loaders.php(57): Sphp\Html\AbstractContainerTag->appendMdFile(Array)
#5 [internal function]: Sphp\MVC\{closure}('sivut/kilpailut...', '2017.html')
#6 /home/int49765/public_html/sphp/php/Sphp/MVC/Router.php(166): call_user_func_array(Object(Closure), Array)
#7 /home/int49765/public_html/index.php(61): Sphp\MVC\Router->execute()
#8 {main} in /home/int49765/public_html/sphp/php/Sphp/Stdlib/Filesystem.php:89
Stack trace:
#0 /home/int49765/public_html/sphp/php/Sphp/Html/ContentParsingTrait.php(73): Sphp\Stdlib\Filesystem::executePhpToString(Array)
#1 /home/int49765/public_html/_srcs/templates/loaders.php(57): Sphp\Html\AbstractContainerTag->appendMdFile(Array)
#2 [internal function]: Sphp\MVC\{closure}('sivut/kilpailut...', '2017.html')
#3 /home/int49765/public_html/sphp/php/Sphp/MVC/Router.php(166): call_user_func_array(Object(Closure), Array)
#4 /home/int49765/public_html/index.php(61): Sphp\MVC\Router->execute()
#5 {main}Sphp\Exceptions\RuntimeException: The path 'purjehduskilpailut/2017/virutholm.csv' is not a file in /home/int49765/public_html/sphp/php/Sphp/Stdlib/CsvFile.php:75
Stack trace:
#0 /home/int49765/public_html/_srcs/templates/tools.php(7): Sphp\Stdlib\CsvFile->__construct('purjehduskilpai...')
#1 /home/int49765/public_html/sivut/kilpailut/purjehdus/2017.php(11): Sphp\Stdlib\Filesystem::{closure}('purjehduskilpai...')
#2 /home/int49765/public_html/sphp/php/Sphp/Stdlib/Filesystem.php(85): include('/home/int49765/...')
#3 /home/int49765/public_html/sphp/php/Sphp/Html/ContentParsingTrait.php(73): Sphp\Stdlib\Filesystem::executePhpToString(Array)
#4 /home/int49765/public_html/_srcs/templates/loaders.php(57): Sphp\Html\AbstractContainerTag->appendMdFile(Array)
#5 [internal function]: Sphp\MVC\{closure}('sivut/kilpailut...', '2017.html')
#6 /home/int49765/public_html/sphp/php/Sphp/MVC/Router.php(166): call_user_func_array(Object(Closure), Array)
#7 /home/int49765/public_html/index.php(61): Sphp\MVC\Router->execute()
#8 {main}

Next Sphp\Exceptions\RuntimeException: PHP parsing failed for Sphp\Exceptions\RuntimeException: The path 'purjehduskilpailut/2017/virutholm.csv' is not a file in /home/int49765/public_html/sphp/php/Sphp/Stdlib/CsvFile.php:75
Stack trace:
#0 /home/int49765/public_html/_srcs/templates/tools.php(7): Sphp\Stdlib\CsvFile->__construct('purjehduskilpai...')
#1 /home/int49765/public_html/sivut/kilpailut/purjehdus/2017.php(11): Sphp\Stdlib\Filesystem::{closure}('purjehduskilpai...')
#2 /home/int49765/public_html/sphp/php/Sphp/Stdlib/Filesystem.php(85): include('/home/int49765/...')
#3 /home/int49765/public_html/sphp/php/Sphp/Html/ContentParsingTrait.php(73): Sphp\Stdlib\Filesystem::executePhpToString(Array)
#4 /home/int49765/public_html/_srcs/templates/loaders.php(57): Sphp\Html\AbstractContainerTag->appendMdFile(Array)
#5 [internal function]: Sphp\MVC\{closure}('sivut/kilpailut...', '2017.html')
#6 /home/int49765/public_html/sphp/php/Sphp/MVC/Router.php(166): call_user_func_array(Object(Closure), Array)
#7 /home/int49765/public_html/index.php(61): Sphp\MVC\Router->execute()
#8 {main} in /home/int49765/public_html/sphp/php/Sphp/Stdlib/Filesystem.php:89
Stack trace:
#0 /home/int49765/public_html/sphp/php/Sphp/Html/ContentParsingTrait.php(73): Sphp\Stdlib\Filesystem::executePhpToString(Array)
#1 /home/int49765/public_html/_srcs/templates/loaders.php(57): Sphp\Html\AbstractContainerTag->appendMdFile(Array)
#2 [internal function]: Sphp\MVC\{closure}('sivut/kilpailut...', '2017.html')
#3 /home/int49765/public_html/sphp/php/Sphp/MVC/Router.php(166): call_user_func_array(Object(Closure), Array)
#4 /home/int49765/public_html/index.php(61): Sphp\MVC\Router->execute()
#5 {main}